<?xml version="1.0" encoding="UTF-8"?>
<testng-results skipped="0" failed="0" ignored="0" total="1" passed="1">
  <reporter-output>
  </reporter-output>
  <suite name="Default suite" duration-ms="38310" started-at="2019-11-26T14:18:41Z" finished-at="2019-11-26T14:19:20Z">
    <groups>
    </groups>
    <test name="Default test" duration-ms="38310" started-at="2019-11-26T14:18:41Z" finished-at="2019-11-26T14:19:20Z">
      <class name="com.training.sanity.tests.RTTC_022">
        <test-method status="PASS" signature="setUpBeforeClass()[pri:0, instance:com.training.sanity.tests.RTTC_022@39aeed2f]" name="setUpBeforeClass" is-config="true" duration-ms="7" started-at="2019-11-26T19:48:41Z" finished-at="2019-11-26T19:48:41Z">
          <reporter-output>
          </reporter-output>
        </test-method> <!-- setUpBeforeClass -->
        <test-method status="PASS" signature="setUp()[pri:0, instance:com.training.sanity.tests.RTTC_022@39aeed2f]" name="setUp" is-config="true" duration-ms="7261" started-at="2019-11-26T19:48:41Z" finished-at="2019-11-26T19:48:48Z">
          <reporter-output>
          </reporter-output>
        </test-method> <!-- setUp -->
        <test-method status="PASS" signature="validLoginTest()[pri:0, instance:com.training.sanity.tests.RTTC_022@39aeed2f]" name="validLoginTest" duration-ms="29164" started-at="2019-11-26T19:48:48Z" finished-at="2019-11-26T19:49:18Z">
          <reporter-output>
          </reporter-output>
        </test-method> <!-- validLoginTest -->
        <test-method status="PASS" signature="tearDown()[pri:0, instance:com.training.sanity.tests.RTTC_022@39aeed2f]" name="tearDown" is-config="true" duration-ms="1861" started-at="2019-11-26T19:49:18Z" finished-at="2019-11-26T19:49:20Z">
          <reporter-output>
          </reporter-output>
        </test-method> <!-- tearDown -->
      </class> <!-- com.training.sanity.tests.RTTC_022 -->
    </test> <!-- Default test -->
  </suite> <!-- Default suite -->
</testng-results>
